This is pdfTeX, Version 3.141592653-2.6-1.40.25 (MiKTeX 23.9) (preloaded format=pdflatex 2023.9.21)  24 MAY 2026 01:30
entering extended mode
 restricted \write18 enabled.
 %&-line parsing enabled.
**./prac3.tex
(prac3.tex
LaTeX2e <2023-06-01> patch level 1
L3 programming layer <2023-08-29>
(C:\Program Files\MiKTeX\tex/latex/base\article.cls
Document Class: article 2023/05/17 v1.4n Standard LaTeX document class
(C:\Program Files\MiKTeX\tex/latex/base\size10.clo
File: size10.clo 2023/05/17 v1.4n Standard LaTeX file (size option)
)
\c@part=\count185
\c@section=\count186
\c@subsection=\count187
\c@subsubsection=\count188
\c@paragraph=\count189
\c@subparagraph=\count190
\c@figure=\count191
\c@table=\count192
\abovecaptionskip=\skip48
\belowcaptionskip=\skip49
\bibindent=\dimen140
) (C:\Program Files\MiKTeX\tex/latex/xcolor\xcolor.sty
Package: xcolor 2022/06/12 v2.14 LaTeX color extensions (UK)
(C:\Program Files\MiKTeX\tex/latex/graphics-cfg\color.cfg
File: color.cfg 2016/01/02 v1.6 sample color configuration
)
Package xcolor Info: Driver file: pdftex.def on input line 227.
(C:\Program Files\MiKTeX\tex/latex/graphics-def\pdftex.def
File: pdftex.def 2022/09/22 v1.2b Graphics/color driver for pdftex
) (C:\Program Files\MiKTeX\tex/latex/graphics\mathcolor.ltx)
Package xcolor Info: Model `cmy' substituted by `cmy0' on input line 1353.
Package xcolor Info: Model `hsb' substituted by `rgb' on input line 1357.
Package xcolor Info: Model `RGB' extended on input line 1369.
Package xcolor Info: Model `HTML' substituted by `rgb' on input line 1371.
Package xcolor Info: Model `Hsb' substituted by `hsb' on input line 1372.
Package xcolor Info: Model `tHsb' substituted by `hsb' on input line 1373.
Package xcolor Info: Model `HSB' substituted by `hsb' on input line 1374.
Package xcolor Info: Model `Gray' substituted by `gray' on input line 1375.
Package xcolor Info: Model `wave' substituted by `hsb' on input line 1376.
) (C:\Users\Leonel\AppData\Roaming\MiKTeX\tex/latex/geometry\geometry.sty
Package: geometry 2020/01/02 v5.9 Page Geometry
(C:\Program Files\MiKTeX\tex/latex/graphics\keyval.sty
Package: keyval 2022/05/29 v1.15 key=value parser (DPC)
\KV@toks@=\toks17
) (C:\Program Files\MiKTeX\tex/generic/iftex\ifvtex.sty
Package: ifvtex 2019/10/25 v1.7 ifvtex legacy package. Use iftex instead.
(C:\Program Files\MiKTeX\tex/generic/iftex\iftex.sty
Package: iftex 2022/02/03 v1.0f TeX engine tests
))
\Gm@cnth=\count193
\Gm@cntv=\count194
\c@Gm@tempcnt=\count195
\Gm@bindingoffset=\dimen141
\Gm@wd@mp=\dimen142
\Gm@odd@mp=\dimen143
\Gm@even@mp=\dimen144
\Gm@layoutwidth=\dimen145
\Gm@layoutheight=\dimen146
\Gm@layouthoffset=\dimen147
\Gm@layoutvoffset=\dimen148
\Gm@dimlist=\toks18
(C:\Users\Leonel\AppData\Roaming\MiKTeX\tex/latex/geometry\geometry.cfg)) (C:\P
rogram Files\MiKTeX\tex/latex/amsmath\amsmath.sty
Package: amsmath 2023/05/13 v2.17o AMS math features
\@mathmargin=\skip50
For additional information on amsmath, use the `?' option.
(C:\Program Files\MiKTeX\tex/latex/amsmath\amstext.sty
Package: amstext 2021/08/26 v2.01 AMS text
(C:\Program Files\MiKTeX\tex/latex/amsmath\amsgen.sty
File: amsgen.sty 1999/11/30 v2.0 generic functions
\@emptytoks=\toks19
\ex@=\dimen149
)) (C:\Program Files\MiKTeX\tex/latex/amsmath\amsbsy.sty
Package: amsbsy 1999/11/29 v1.2d Bold Symbols
\pmbraise@=\dimen150
) (C:\Program Files\MiKTeX\tex/latex/amsmath\amsopn.sty
Package: amsopn 2022/04/08 v2.04 operator names
)
\inf@bad=\count196
LaTeX Info: Redefining \frac on input line 234.
\uproot@=\count197
\leftroot@=\count198
LaTeX Info: Redefining \overline on input line 399.
LaTeX Info: Redefining \colon on input line 410.
\classnum@=\count199
\DOTSCASE@=\count266
LaTeX Info: Redefining \ldots on input line 496.
LaTeX Info: Redefining \dots on input line 499.
LaTeX Info: Redefining \cdots on input line 620.
\Mathstrutbox@=\box51
\strutbox@=\box52
LaTeX Info: Redefining \big on input line 722.
LaTeX Info: Redefining \Big on input line 723.
LaTeX Info: Redefining \bigg on input line 724.
LaTeX Info: Redefining \Bigg on input line 725.
\big@size=\dimen151
LaTeX Font Info:    Redeclaring font encoding OML on input line 743.
LaTeX Font Info:    Redeclaring font encoding OMS on input line 744.
\macc@depth=\count267
LaTeX Info: Redefining \bmod on input line 905.
LaTeX Info: Redefining \pmod on input line 910.
LaTeX Info: Redefining \smash on input line 940.
LaTeX Info: Redefining \relbar on input line 970.
LaTeX Info: Redefining \Relbar on input line 971.
\c@MaxMatrixCols=\count268
\dotsspace@=\muskip16
\c@parentequation=\count269
\dspbrk@lvl=\count270
\tag@help=\toks20
\row@=\count271
\column@=\count272
\maxfields@=\count273
\andhelp@=\toks21
\eqnshift@=\dimen152
\alignsep@=\dimen153
\tagshift@=\dimen154
\tagwidth@=\dimen155
\totwidth@=\dimen156
\lineht@=\dimen157
\@envbody=\toks22
\multlinegap=\skip51
\multlinetaggap=\skip52
\mathdisplay@stack=\toks23
LaTeX Info: Redefining \[ on input line 2953.
LaTeX Info: Redefining \] on input line 2954.
) (C:\Program Files\MiKTeX\tex/latex/amsfonts\amssymb.sty
Package: amssymb 2013/01/14 v3.01 AMS font symbols
(C:\Program Files\MiKTeX\tex/latex/amsfonts\amsfonts.sty
Package: amsfonts 2013/01/14 v3.01 Basic AMSFonts support
\symAMSa=\mathgroup4
\symAMSb=\mathgroup5
LaTeX Font Info:    Redeclaring math symbol \hbar on input line 98.
LaTeX Font Info:    Overwriting math alphabet `\mathfrak' in version `bold'
(Font)                  U/euf/m/n --> U/euf/b/n on input line 106.
)) (C:\Program Files\MiKTeX\tex/latex/base\fontenc.sty
Package: fontenc 2021/04/29 v2.0v Standard LaTeX package
) (C:\Program Files\MiKTeX\tex/latex/base\inputenc.sty
Package: inputenc 2021/02/14 v1.3d Input encoding file
\inpenc@prehook=\toks24
\inpenc@posthook=\toks25
) (C:\Program Files\MiKTeX\tex/latex/base\textcomp.sty
Package: textcomp 2020/02/02 v2.0n Standard LaTeX package
) (C:\Program Files\MiKTeX\tex/latex/lm\lmodern.sty
Package: lmodern 2015/05/01 v1.6.1 Latin Modern Fonts
LaTeX Font Info:    Overwriting symbol font `operators' in version `normal'
(Font)                  OT1/cmr/m/n --> OT1/lmr/m/n on input line 22.
LaTeX Font Info:    Overwriting symbol font `letters' in version `normal'
(Font)                  OML/cmm/m/it --> OML/lmm/m/it on input line 23.
LaTeX Font Info:    Overwriting symbol font `symbols' in version `normal'
(Font)                  OMS/cmsy/m/n --> OMS/lmsy/m/n on input line 24.
LaTeX Font Info:    Overwriting symbol font `largesymbols' in version `normal'
(Font)                  OMX/cmex/m/n --> OMX/lmex/m/n on input line 25.
LaTeX Font Info:    Overwriting symbol font `operators' in version `bold'
(Font)                  OT1/cmr/bx/n --> OT1/lmr/bx/n on input line 26.
LaTeX Font Info:    Overwriting symbol font `letters' in version `bold'
(Font)                  OML/cmm/b/it --> OML/lmm/b/it on input line 27.
LaTeX Font Info:    Overwriting symbol font `symbols' in version `bold'
(Font)                  OMS/cmsy/b/n --> OMS/lmsy/b/n on input line 28.
LaTeX Font Info:    Overwriting symbol font `largesymbols' in version `bold'
(Font)                  OMX/cmex/m/n --> OMX/lmex/m/n on input line 29.
LaTeX Font Info:    Overwriting math alphabet `\mathbf' in version `normal'
(Font)                  OT1/cmr/bx/n --> OT1/lmr/bx/n on input line 31.
LaTeX Font Info:    Overwriting math alphabet `\mathsf' in version `normal'
(Font)                  OT1/cmss/m/n --> OT1/lmss/m/n on input line 32.
LaTeX Font Info:    Overwriting math alphabet `\mathit' in version `normal'
(Font)                  OT1/cmr/m/it --> OT1/lmr/m/it on input line 33.
LaTeX Font Info:    Overwriting math alphabet `\mathtt' in version `normal'
(Font)                  OT1/cmtt/m/n --> OT1/lmtt/m/n on input line 34.
LaTeX Font Info:    Overwriting math alphabet `\mathbf' in version `bold'
(Font)                  OT1/cmr/bx/n --> OT1/lmr/bx/n on input line 35.
LaTeX Font Info:    Overwriting math alphabet `\mathsf' in version `bold'
(Font)                  OT1/cmss/bx/n --> OT1/lmss/bx/n on input line 36.
LaTeX Font Info:    Overwriting math alphabet `\mathit' in version `bold'
(Font)                  OT1/cmr/bx/it --> OT1/lmr/bx/it on input line 37.
LaTeX Font Info:    Overwriting math alphabet `\mathtt' in version `bold'
(Font)                  OT1/cmtt/m/n --> OT1/lmtt/m/n on input line 38.
) (C:\Users\Leonel\AppData\Roaming\MiKTeX\tex/latex/upquote\upquote.sty
Package: upquote 2012/04/19 v1.3 upright-quote and grave-accent glyphs in verba
tim
) (C:\Users\Leonel\AppData\Roaming\MiKTeX\tex/latex/microtype\microtype.sty
Package: microtype 2025/07/09 v3.2b Micro-typographical refinements (RS)
(C:\Program Files\MiKTeX\tex/latex/etoolbox\etoolbox.sty
Package: etoolbox 2020/10/05 v2.5k e-TeX tools for LaTeX (JAW)
\etb@tempcnta=\count274
)
\MT@toks=\toks26
\MT@tempbox=\box53
\MT@count=\count275
LaTeX Info: Redefining \noprotrusionifhmode on input line 1087.
LaTeX Info: Redefining \leftprotrusion on input line 1088.
\MT@prot@toks=\toks27
LaTeX Info: Redefining \rightprotrusion on input line 1107.
LaTeX Info: Redefining \textls on input line 1449.
\MT@outer@kern=\dimen158
LaTeX Info: Redefining \microtypecontext on input line 2053.
LaTeX Info: Redefining \textmicrotypecontext on input line 2070.
\MT@listname@count=\count276

(C:\Users\Leonel\AppData\Roaming\MiKTeX\tex/latex/microtype\microtype-pdftex.de
f
File: microtype-pdftex.def 2025/07/09 v3.2b Definitions specific to pdftex (RS)

LaTeX Info: Redefining \lsstyle on input line 944.
LaTeX Info: Redefining \lslig on input line 944.
\MT@outer@space=\skip53
)
Package microtype Info: Loading configuration file microtype.cfg.
(C:\Users\Leonel\AppData\Roaming\MiKTeX\tex/latex/microtype\microtype.cfg
File: microtype.cfg 2025/07/09 v3.2b microtype main configuration file (RS)
)
LaTeX Info: Redefining \microtypesetup on input line 3065.
) (C:\Users\Leonel\AppData\Roaming\MiKTeX\tex/latex/parskip\parskip.sty
Package: parskip 2021-03-14 v2.0h non-zero parskip adjustments
(C:\Users\Leonel\AppData\Roaming\MiKTeX\tex/latex/kvoptions\kvoptions.sty
Package: kvoptions 2022-06-15 v3.15 Key value format for package options (HO)
(C:\Users\Leonel\AppData\Roaming\MiKTeX\tex/generic/ltxcmds\ltxcmds.sty
Package: ltxcmds 2020-05-10 v1.25 LaTeX kernel commands for general use (HO)
) (C:\Users\Leonel\AppData\Roaming\MiKTeX\tex/latex/kvsetkeys\kvsetkeys.sty
Package: kvsetkeys 2022-10-05 v1.19 Key value parser (HO)
))) (C:\Users\Leonel\AppData\Roaming\MiKTeX\tex/latex/fancyvrb\fancyvrb.sty
Package: fancyvrb 2025/07/28 4.6 verbatim text (tvz,hv)
\FV@CodeLineNo=\count277
\FV@InFile=\read2
\FV@TabBox=\box54
\c@FancyVerbLine=\count278
\FV@StepNumber=\count279
\FV@OutFile=\write3
) (C:\Users\Leonel\AppData\Roaming\MiKTeX\tex/latex/framed\framed.sty
Package: framed 2011/10/22 v 0.96: framed or shaded text with page breaks
\OuterFrameSep=\skip54
\fb@frw=\dimen159
\fb@frh=\dimen160
\FrameRule=\dimen161
\FrameSep=\dimen162
) (C:\Program Files\MiKTeX\tex/latex/tools\longtable.sty
Package: longtable 2021-09-01 v4.17 Multi-page Table package (DPC)
\LTleft=\skip55
\LTright=\skip56
\LTpre=\skip57
\LTpost=\skip58
\LTchunksize=\count280
\LTcapwidth=\dimen163
\LT@head=\box55
\LT@firsthead=\box56
\LT@foot=\box57
\LT@lastfoot=\box58
\LT@gbox=\box59
\LT@cols=\count281
\LT@rows=\count282
\c@LT@tables=\count283
\c@LT@chunks=\count284
\LT@p@ftn=\toks28
) (C:\Users\Leonel\AppData\Roaming\MiKTeX\tex/latex/booktabs\booktabs.sty
Package: booktabs 2020/01/12 v1.61803398 Publication quality tables
\heavyrulewidth=\dimen164
\lightrulewidth=\dimen165
\cmidrulewidth=\dimen166
\belowrulesep=\dimen167
\belowbottomsep=\dimen168
\aboverulesep=\dimen169
\abovetopsep=\dimen170
\cmidrulesep=\dimen171
\cmidrulekern=\dimen172
\defaultaddspace=\dimen173
\@cmidla=\count285
\@cmidlb=\count286
\@aboverulesep=\dimen174
\@belowrulesep=\dimen175
\@thisruleclass=\count287
\@lastruleclass=\count288
\@thisrulewidth=\dimen176
) (C:\Program Files\MiKTeX\tex/latex/tools\array.sty
Package: array 2022/09/04 v2.5g Tabular extension package (FMi)
\col@sep=\dimen177
\ar@mcellbox=\box60
\extrarowheight=\dimen178
\NC@list=\toks29
\extratabsurround=\skip59
\backup@length=\skip60
\ar@cellbox=\box61
) (C:\Program Files\MiKTeX\tex/latex/tools\calc.sty
Package: calc 2017/05/25 v4.3 Infix arithmetic (KKT,FJ)
\calc@Acount=\count289
\calc@Bcount=\count290
\calc@Adimen=\dimen179
\calc@Bdimen=\dimen180
\calc@Askip=\skip61
\calc@Bskip=\skip62
LaTeX Info: Redefining \setlength on input line 80.
LaTeX Info: Redefining \addtolength on input line 81.
\calc@Ccount=\count291
\calc@Cskip=\skip63
)
(C:\Users\Leonel\AppData\Roaming\MiKTeX\tex/latex/footnotehyper\footnotehyper.s
ty
Package: footnotehyper 2025/11/15 v1.1f hyperref aware footnote.sty (JFB)
\FNH@notes=\box62
\FNH@width=\dimen181
\FNH@toks=\toks30
) (C:\Program Files\MiKTeX\tex/latex/graphics\graphicx.sty
Package: graphicx 2021/09/16 v1.2d Enhanced LaTeX Graphics (DPC,SPQR)
(C:\Program Files\MiKTeX\tex/latex/graphics\graphics.sty
Package: graphics 2022/03/10 v1.4e Standard LaTeX Graphics (DPC,SPQR)
(C:\Program Files\MiKTeX\tex/latex/graphics\trig.sty
Package: trig 2021/08/11 v1.11 sin cos tan (DPC)
) (C:\Program Files\MiKTeX\tex/latex/graphics-cfg\graphics.cfg
File: graphics.cfg 2016/06/04 v1.11 sample graphics configuration
)
Package graphics Info: Driver file: pdftex.def on input line 107.
)
\Gin@req@height=\dimen182
\Gin@req@width=\dimen183
)
\pandoc@box=\box63
(C:\Users\Leonel\AppData\Roaming\MiKTeX\tex/latex/bookmark\bookmark.sty
Package: bookmark 2023-12-10 v1.31 PDF bookmarks (HO)
(C:\Program Files\MiKTeX\tex/latex/hyperref\hyperref.sty
Package: hyperref 2023-07-08 v7.01b Hypertext links for LaTeX
(C:\Program Files\MiKTeX\tex/generic/pdftexcmds\pdftexcmds.sty
Package: pdftexcmds 2020-06-27 v0.33 Utility functions of pdfTeX for LuaTeX (HO
)
(C:\Users\Leonel\AppData\Roaming\MiKTeX\tex/generic/infwarerr\infwarerr.sty
Package: infwarerr 2019/12/03 v1.5 Providing info/warning/error messages (HO)
)
Package pdftexcmds Info: \pdf@primitive is available.
Package pdftexcmds Info: \pdf@ifprimitive is available.
Package pdftexcmds Info: \pdfdraftmode found.
)
(C:\Users\Leonel\AppData\Roaming\MiKTeX\tex/generic/kvdefinekeys\kvdefinekeys.s
ty
Package: kvdefinekeys 2019-12-19 v1.6 Define keys (HO)
) (C:\Users\Leonel\AppData\Roaming\MiKTeX\tex/generic/pdfescape\pdfescape.sty
Package: pdfescape 2019/12/09 v1.15 Implements pdfTeX's escape features (HO)
) (C:\Users\Leonel\AppData\Roaming\MiKTeX\tex/latex/hycolor\hycolor.sty
Package: hycolor 2020-01-27 v1.10 Color options for hyperref/bookmark (HO)
) (C:\Users\Leonel\AppData\Roaming\MiKTeX\tex/latex/letltxmacro\letltxmacro.sty
Package: letltxmacro 2019/12/03 v1.6 Let assignment for LaTeX macros (HO)
) (C:\Users\Leonel\AppData\Roaming\MiKTeX\tex/latex/auxhook\auxhook.sty
Package: auxhook 2019-12-17 v1.6 Hooks for auxiliary files (HO)
) (C:\Program Files\MiKTeX\tex/latex/hyperref\nameref.sty
Package: nameref 2023-08-07 v2.53 Cross-referencing by name of section
(C:\Users\Leonel\AppData\Roaming\MiKTeX\tex/latex/refcount\refcount.sty
Package: refcount 2019/12/15 v3.6 Data extraction from label references (HO)
)
(C:\Users\Leonel\AppData\Roaming\MiKTeX\tex/generic/gettitlestring\gettitlestri
ng.sty
Package: gettitlestring 2019/12/15 v1.6 Cleanup title references (HO)
)
\c@section@level=\count292
)
\@linkdim=\dimen184
\Hy@linkcounter=\count293
\Hy@pagecounter=\count294
(C:\Program Files\MiKTeX\tex/latex/hyperref\pd1enc.def
File: pd1enc.def 2023-07-08 v7.01b Hyperref: PDFDocEncoding definition (HO)
Now handling font encoding PD1 ...
... no UTF-8 mapping file for font encoding PD1
) (C:\Users\Leonel\AppData\Roaming\MiKTeX\tex/generic/intcalc\intcalc.sty
Package: intcalc 2019/12/15 v1.3 Expandable calculations with integers (HO)
)
\Hy@SavedSpaceFactor=\count295
(C:\Program Files\MiKTeX\tex/latex/hyperref\puenc.def
File: puenc.def 2023-07-08 v7.01b Hyperref: PDF Unicode definition (HO)
Now handling font encoding PU ...
... no UTF-8 mapping file for font encoding PU
)
Package hyperref Info: Option `unicode' set `true' on input line 4050.
Package hyperref Info: Hyper figures OFF on input line 4167.
Package hyperref Info: Link nesting OFF on input line 4172.
Package hyperref Info: Hyper index ON on input line 4175.
Package hyperref Info: Plain pages OFF on input line 4182.
Package hyperref Info: Backreferencing OFF on input line 4187.
Package hyperref Info: Implicit mode ON; LaTeX internals redefined.
Package hyperref Info: Bookmarks ON on input line 4434.
\c@Hy@tempcnt=\count296
(C:\Program Files\MiKTeX\tex/latex/url\url.sty
\Urlmuskip=\muskip17
Package: url 2013/09/16  ver 3.4  Verb mode for urls, etc.
)
LaTeX Info: Redefining \url on input line 4772.
\XeTeXLinkMargin=\dimen185
(C:\Users\Leonel\AppData\Roaming\MiKTeX\tex/generic/bitset\bitset.sty
Package: bitset 2019/12/09 v1.3 Handle bit-vector datatype (HO)
(C:\Users\Leonel\AppData\Roaming\MiKTeX\tex/generic/bigintcalc\bigintcalc.sty
Package: bigintcalc 2019/12/15 v1.5 Expandable calculations on big integers (HO
)
))
\Fld@menulength=\count297
\Field@Width=\dimen186
\Fld@charsize=\dimen187
Package hyperref Info: Hyper figures OFF on input line 6051.
Package hyperref Info: Link nesting OFF on input line 6056.
Package hyperref Info: Hyper index ON on input line 6059.
Package hyperref Info: backreferencing OFF on input line 6066.
Package hyperref Info: Link coloring OFF on input line 6071.
Package hyperref Info: Link coloring with OCG OFF on input line 6076.
Package hyperref Info: PDF/A mode OFF on input line 6081.
(C:\Program Files\MiKTeX\tex/latex/base\atbegshi-ltx.sty
Package: atbegshi-ltx 2021/01/10 v1.0c Emulation of the original atbegshi
package with kernel methods
)
\Hy@abspage=\count298
\c@Item=\count299
\c@Hfootnote=\count300
)
Package hyperref Info: Driver (autodetected): hpdftex.
(C:\Program Files\MiKTeX\tex/latex/hyperref\hpdftex.def
File: hpdftex.def 2023-07-08 v7.01b Hyperref driver for pdfTeX
(C:\Program Files\MiKTeX\tex/latex/base\atveryend-ltx.sty
Package: atveryend-ltx 2020/08/19 v1.0a Emulation of the original atveryend pac
kage
with kernel methods
)
\Fld@listcount=\count301
\c@bookmark@seq@number=\count302

(C:\Users\Leonel\AppData\Roaming\MiKTeX\tex/latex/rerunfilecheck\rerunfilecheck
.sty
Package: rerunfilecheck 2022-07-10 v1.10 Rerun checks for auxiliary files (HO)

(C:\Users\Leonel\AppData\Roaming\MiKTeX\tex/generic/uniquecounter\uniquecounter
.sty
Package: uniquecounter 2019/12/15 v1.4 Provide unlimited unique counter (HO)
)
Package uniquecounter Info: New unique counter `rerunfilecheck' on input line 2
85.
)
\Hy@SectionHShift=\skip64
) (C:\Users\Leonel\AppData\Roaming\MiKTeX\tex/latex/bookmark\bkm-pdftex.def
File: bkm-pdftex.def 2023-12-10 v1.31 bookmark driver for pdfTeX and luaTeX (HO
)
\BKM@id=\count303
)) (C:\Users\Leonel\AppData\Roaming\MiKTeX\tex/latex/xurl\xurl.sty
Package: xurl 2022/01/09 v 0.10 modify URL breaks
)
LaTeX Font Info:    Trying to load font information for T1+lmr on input line 12
1.
(C:\Program Files\MiKTeX\tex/latex/lm\t1lmr.fd
File: t1lmr.fd 2015/05/01 v1.6.1 Font defs for Latin Modern
) (C:\Program Files\MiKTeX\tex/latex/l3backend\l3backend-pdftex.def
File: l3backend-pdftex.def 2023-04-19 L3 backend support: PDF output (pdfTeX)
\l__color_backend_stack_int=\count304
\l__pdf_internal_box=\box64
) (prac3.aux)
\openout1 = `prac3.aux'.

LaTeX Font Info:    Checking defaults for OML/cmm/m/it on input line 121.
LaTeX Font Info:    ... okay on input line 121.
LaTeX Font Info:    Checking defaults for OMS/cmsy/m/n on input line 121.
LaTeX Font Info:    ... okay on input line 121.
LaTeX Font Info:    Checking defaults for OT1/cmr/m/n on input line 121.
LaTeX Font Info:    ... okay on input line 121.
LaTeX Font Info:    Checking defaults for T1/cmr/m/n on input line 121.
LaTeX Font Info:    ... okay on input line 121.
LaTeX Font Info:    Checking defaults for TS1/cmr/m/n on input line 121.
LaTeX Font Info:    ... okay on input line 121.
LaTeX Font Info:    Checking defaults for OMX/cmex/m/n on input line 121.
LaTeX Font Info:    ... okay on input line 121.
LaTeX Font Info:    Checking defaults for U/cmr/m/n on input line 121.
LaTeX Font Info:    ... okay on input line 121.
LaTeX Font Info:    Checking defaults for PD1/pdf/m/n on input line 121.
LaTeX Font Info:    ... okay on input line 121.
LaTeX Font Info:    Checking defaults for PU/pdf/m/n on input line 121.
LaTeX Font Info:    ... okay on input line 121.
(C:\Program Files\MiKTeX\tex/context/base/mkii\supp-pdf.mkii
[Loading MPS to PDF converter (version 2006.09.02).]
\scratchcounter=\count305
\scratchdimen=\dimen188
\scratchbox=\box65
\nofMPsegments=\count306
\nofMParguments=\count307
\everyMPshowfont=\toks31
\MPscratchCnt=\count308
\MPscratchDim=\dimen189
\MPnumerator=\count309
\makeMPintoPDFobject=\count310
\everyMPtoPDFconversion=\toks32
) (C:\Program Files\MiKTeX\tex/latex/epstopdf-pkg\epstopdf-base.sty
Package: epstopdf-base 2020-01-24 v2.11 Base part for package epstopdf
Package epstopdf-base Info: Redefining graphics rule for `.eps' on input line 4
85.
(C:\Program Files\MiKTeX\tex/latex/00miktex\epstopdf-sys.cfg
File: epstopdf-sys.cfg 2021/03/18 v2.0 Configuration of epstopdf for MiKTeX
))
*geometry* driver: auto-detecting
*geometry* detected driver: pdftex
*geometry* verbose mode - [ preamble ] result:
* driver: pdftex
* paper: <default>
* layout: <same size as paper>
* layoutoffset:(h,v)=(0.0pt,0.0pt)
* modes: 
* h-part:(L,W,R)=(72.26999pt, 469.75502pt, 72.26999pt)
* v-part:(T,H,B)=(72.26999pt, 650.43001pt, 72.26999pt)
* \paperwidth=614.295pt
* \paperheight=794.96999pt
* \textwidth=469.75502pt
* \textheight=650.43001pt
* \oddsidemargin=0.0pt
* \evensidemargin=0.0pt
* \topmargin=-37.0pt
* \headheight=12.0pt
* \headsep=25.0pt
* \topskip=10.0pt
* \footskip=30.0pt
* \marginparwidth=65.0pt
* \marginparsep=11.0pt
* \columnsep=10.0pt
* \skip\footins=9.0pt plus 4.0pt minus 2.0pt
* \hoffset=0.0pt
* \voffset=0.0pt
* \mag=1000
* \@twocolumnfalse
* \@twosidefalse
* \@mparswitchfalse
* \@reversemarginfalse
* (1in=72.27pt=25.4mm, 1cm=28.453pt)

LaTeX Info: Redefining \microtypecontext on input line 121.
Package microtype Info: Applying patch `item' on input line 121.
Package microtype Info: Applying patch `toc' on input line 121.
Package microtype Info: Applying patch `eqnum' on input line 121.
Package microtype Info: Applying patch `footnote' on input line 121.
Package microtype Info: Applying patch `verbatim' on input line 121.
LaTeX Info: Redefining \microtypesetup on input line 121.
Package microtype Info: Generating PDF output.
Package microtype Info: Character protrusion enabled (level 2).
Package microtype Info: Using protrusion set `basicmath'.
Package microtype Info: Automatic font expansion enabled (level 2),
(microtype)             stretch: 20, shrink: 20, step: 1, non-selected.
Package microtype Info: Using default expansion set `alltext-nott'.
Package microtype Info: Patching command `\showhyphens'.
Package microtype Info: No adjustment of tracking.
Package microtype Info: No adjustment of interword spacing.
Package microtype Info: No adjustment of character kerning.
(C:\Users\Leonel\AppData\Roaming\MiKTeX\tex/latex/microtype\mt-cmr.cfg
File: mt-cmr.cfg 2013/05/19 v2.2 microtype config. file: Computer Modern Roman 
(RS)
)
Package hyperref Info: Link coloring OFF on input line 121.
LaTeX Font Info:    Trying to load font information for OT1+lmr on input line 1
23.
(C:\Program Files\MiKTeX\tex/latex/lm\ot1lmr.fd
File: ot1lmr.fd 2015/05/01 v1.6.1 Font defs for Latin Modern
)
LaTeX Font Info:    Trying to load font information for OML+lmm on input line 1
23.
(C:\Program Files\MiKTeX\tex/latex/lm\omllmm.fd
File: omllmm.fd 2015/05/01 v1.6.1 Font defs for Latin Modern
)
LaTeX Font Info:    Trying to load font information for OMS+lmsy on input line 
123.
(C:\Program Files\MiKTeX\tex/latex/lm\omslmsy.fd
File: omslmsy.fd 2015/05/01 v1.6.1 Font defs for Latin Modern
)
LaTeX Font Info:    Trying to load font information for OMX+lmex on input line 
123.
(C:\Program Files\MiKTeX\tex/latex/lm\omxlmex.fd
File: omxlmex.fd 2015/05/01 v1.6.1 Font defs for Latin Modern
)
LaTeX Font Info:    External font `lmex10' loaded for size
(Font)              <12> on input line 123.
LaTeX Font Info:    External font `lmex10' loaded for size
(Font)              <8> on input line 123.
LaTeX Font Info:    External font `lmex10' loaded for size
(Font)              <6> on input line 123.
LaTeX Font Info:    Trying to load font information for U+msa on input line 123
.
(C:\Program Files\MiKTeX\tex/latex/amsfonts\umsa.fd
File: umsa.fd 2013/01/14 v3.01 AMS symbols A
) (C:\Users\Leonel\AppData\Roaming\MiKTeX\tex/latex/microtype\mt-msa.cfg
File: mt-msa.cfg 2006/02/04 v1.1 microtype config. file: AMS symbols (a) (RS)
)
LaTeX Font Info:    Trying to load font information for U+msb on input line 123
.
(C:\Program Files\MiKTeX\tex/latex/amsfonts\umsb.fd
File: umsb.fd 2013/01/14 v3.01 AMS symbols B
) (C:\Users\Leonel\AppData\Roaming\MiKTeX\tex/latex/microtype\mt-msb.cfg
File: mt-msb.cfg 2005/06/01 v1.0 microtype config. file: AMS symbols (b) (RS)
)
LaTeX Font Info:    External font `lmex10' loaded for size
(Font)              <10> on input line 178.
LaTeX Font Info:    External font `lmex10' loaded for size
(Font)              <7> on input line 178.
LaTeX Font Info:    External font `lmex10' loaded for size
(Font)              <5> on input line 178.

LaTeX Warning: Command \textperiodcentered invalid in math mode on input line 1
80.

LaTeX Font Info:    Trying to load font information for TS1+lmr on input line 1
80.
(C:\Program Files\MiKTeX\tex/latex/lm\ts1lmr.fd
File: ts1lmr.fd 2015/05/01 v1.6.1 Font defs for Latin Modern
)

LaTeX Warning: Command \textperiodcentered invalid in math mode on input line 1
80.

LaTeX Font Info:    Trying to load font information for T1+lmtt on input line 1
88.
(C:\Program Files\MiKTeX\tex/latex/lm\t1lmtt.fd
File: t1lmtt.fd 2015/05/01 v1.6.1 Font defs for Latin Modern
)
LaTeX Font Info:    Font shape `T1/lmtt/bx/n' in size <10> not available
(Font)              Font shape `T1/lmtt/b/n' tried instead on input line 189.
LaTeX Font Info:    Trying to load font information for TS1+lmtt on input line 
217.
(C:\Program Files\MiKTeX\tex/latex/lm\ts1lmtt.fd
File: ts1lmtt.fd 2015/05/01 v1.6.1 Font defs for Latin Modern
) [1

{C:/Users/Leonel/AppData/Local/MiKTeX/fonts/map/pdftex/pdftex.map}{C:/Program F
iles/MiKTeX/fonts/enc/dvips/lm/lm-ec.enc}{C:/Program Files/MiKTeX/fonts/enc/dvi
ps/lm/lm-mathit.enc}{C:/Program Files/MiKTeX/fonts/enc/dvips/lm/lm-rm.enc}]
Overfull \hbox (133.99323pt too wide) in paragraph at lines 217--217
[]\T1/lmtt/m/n/10 ##  $ utilisation    : chr  "Travail-quotidien" "Travail-quot
idien" "Travail-occasionnel" "Travail-occasionnel" ...[] 
 []

[2{C:/Program Files/MiKTeX/fonts/enc/dvips/lm/lm-ts1.enc}] [3] [4]
<prac3_files/figure-latex/unnamed-chunk-7-1.pdf, id=43, 469.755pt x 325.215pt>
File: prac3_files/figure-latex/unnamed-chunk-7-1.pdf Graphic file (type pdf)
<use prac3_files/figure-latex/unnamed-chunk-7-1.pdf>
Package pdftex.def Info: prac3_files/figure-latex/unnamed-chunk-7-1.pdf  used o
n input line 517.
(pdftex.def)             Requested size: 469.75386pt x 325.2142pt.
[5] [6{C:/Program Files/MiKTeX/fonts/enc/dvips/lm/lm-mathsy.enc} <./prac3_files
/figure-latex/unnamed-chunk-7-1.pdf>] [7] [8] [9] [10]
<prac3_files/figure-latex/unnamed-chunk-15-1.pdf, id=81, 469.755pt x 325.215pt>

File: prac3_files/figure-latex/unnamed-chunk-15-1.pdf Graphic file (type pdf)
<use prac3_files/figure-latex/unnamed-chunk-15-1.pdf>
Package pdftex.def Info: prac3_files/figure-latex/unnamed-chunk-15-1.pdf  used 
on input line 877.
(pdftex.def)             Requested size: 469.75386pt x 325.2142pt.

Underfull \hbox (badness 10000) in paragraph at lines 877--879
[][]
 []

[11] [12 <./prac3_files/figure-latex/unnamed-chunk-15-1.pdf>] [13] [14] [15]
Overfull \hbox (1.27605pt too wide) in paragraph at lines 1181--1182
 []\T1/lmr/m/n/10 (-20) id
 []


Overfull \hbox (30.20862pt too wide) in paragraph at lines 1183--1184
[]\T1/lmr/m/n/10 (-20) freq_paiement  
 []


Overfull \hbox (18.04716pt too wide) in paragraph at lines 1185--1186
[]\T1/lmr/m/n/10 (-20) type_prof  
 []


Overfull \hbox (27.58066pt too wide) in paragraph at lines 1187--1188
[]\T1/lmr/m/n/10 (-20) type_territoire  
 []


Overfull \hbox (6.26675pt too wide) in paragraph at lines 1191--1192
[]\T1/lmr/m/n/10 (-20) sexe  
 []


Overfull \hbox (4.9665pt too wide) in paragraph at lines 1193--1194
 []\T1/lmr/m/n/10 (-20) age
 []


Overfull \hbox (29.60304pt too wide) in paragraph at lines 1195--1196
 []\T1/lmr/m/n/10 (-20) duree_permis
 []


Overfull \hbox (40.37715pt too wide) in paragraph at lines 1197--1198
 []\T1/lmr/m/n/10 (-20) frecuencia_predicha
 []


Overfull \hbox (39.72517pt too wide) in paragraph at lines 1199--1200
 []\T1/lmr/m/n/10 (-20) severidad_predicha
 []


Overfull \hbox (26.78474pt too wide) in paragraph at lines 1201--1202
 []\T1/lmr/m/n/10 (-20) prima_pura
 []


Overfull \hbox (27.57446pt too wide) in paragraph at lines 1203--1204
 []\T1/lmr/m/n/10 (-20) prima_evpp
 []


Overfull \hbox (2.20001pt too wide) in paragraph at lines 1209--1209
[]|\T1/lmr/m/n/10 (-20) mensuel|  
 []


Overfull \hbox (19.90286pt too wide) in paragraph at lines 1209--1209
[]|\T1/lmr/m/n/10 (-20) Technicien|  
 []


Overfull \hbox (0.61089pt too wide) in paragraph at lines 1209--1209
 []|\T1/lmr/m/n/10 (-20) 29|
 []


Overfull \hbox (1.95857pt too wide) in paragraph at lines 1210--1210
 []|\T1/lmr/m/n/10 (-20) 2.3181|
 []


Overfull \hbox (1.95857pt too wide) in paragraph at lines 1210--1211
 []|\T1/lmr/m/n/10 (-20) 2.5499|
 []


Overfull \hbox (2.20001pt too wide) in paragraph at lines 1211--1211
[]|\T1/lmr/m/n/10 (-20) mensuel|  
 []


Overfull \hbox (19.90286pt too wide) in paragraph at lines 1211--1211
[]|\T1/lmr/m/n/10 (-20) Technicien|  
 []


Overfull \hbox (0.61089pt too wide) in paragraph at lines 1211--1211
 []|\T1/lmr/m/n/10 (-20) 30|
 []


Overfull \hbox (1.95857pt too wide) in paragraph at lines 1212--1212
 []|\T1/lmr/m/n/10 (-20) 2.0359|
 []


Overfull \hbox (1.95857pt too wide) in paragraph at lines 1212--1213
 []|\T1/lmr/m/n/10 (-20) 2.2395|
 []


Overfull \hbox (19.90286pt too wide) in paragraph at lines 1213--1213
[]|\T1/lmr/m/n/10 (-20) Technicien|  
 []


Overfull \hbox (2.27725pt too wide) in paragraph at lines 1213--1213
\T1/lmr/m/n/10 (-20) occasionnel|  
 []


Overfull \hbox (0.61089pt too wide) in paragraph at lines 1213--1213
 []|\T1/lmr/m/n/10 (-20) 42|
 []


Overfull \hbox (1.95857pt too wide) in paragraph at lines 1214--1214
 []|\T1/lmr/m/n/10 (-20) 0.8947|
 []


Overfull \hbox (1.95857pt too wide) in paragraph at lines 1214--1215
 []|\T1/lmr/m/n/10 (-20) 0.9842|
 []


Overfull \hbox (19.90286pt too wide) in paragraph at lines 1215--1215
[]|\T1/lmr/m/n/10 (-20) Technicien|  
 []


Overfull \hbox (2.27725pt too wide) in paragraph at lines 1215--1215
\T1/lmr/m/n/10 (-20) occasionnel|  
 []


Overfull \hbox (0.61089pt too wide) in paragraph at lines 1215--1215
 []|\T1/lmr/m/n/10 (-20) 43|
 []


Overfull \hbox (1.95857pt too wide) in paragraph at lines 1216--1216
 []|\T1/lmr/m/n/10 (-20) 0.8947|
 []


Overfull \hbox (1.95857pt too wide) in paragraph at lines 1216--1217
 []|\T1/lmr/m/n/10 (-20) 0.9842|
 []


Overfull \hbox (19.90286pt too wide) in paragraph at lines 1217--1217
[]|\T1/lmr/m/n/10 (-20) Technicien|  
 []


Overfull \hbox (2.27725pt too wide) in paragraph at lines 1217--1217
\T1/lmr/m/n/10 (-20) occasionnel|  
 []


Overfull \hbox (0.61089pt too wide) in paragraph at lines 1217--1217
 []|\T1/lmr/m/n/10 (-20) 44|
 []


Overfull \hbox (1.95857pt too wide) in paragraph at lines 1218--1218
 []|\T1/lmr/m/n/10 (-20) 0.8947|
 []


Overfull \hbox (1.95857pt too wide) in paragraph at lines 1218--1219
 []|\T1/lmr/m/n/10 (-20) 0.9842|
 []


Overfull \hbox (19.90286pt too wide) in paragraph at lines 1219--1219
[]|\T1/lmr/m/n/10 (-20) Technicien|  
 []


Overfull \hbox (2.27725pt too wide) in paragraph at lines 1219--1219
\T1/lmr/m/n/10 (-20) occasionnel|  
 []


Overfull \hbox (0.61089pt too wide) in paragraph at lines 1219--1219
 []|\T1/lmr/m/n/10 (-20) 44|
 []


Overfull \hbox (1.95857pt too wide) in paragraph at lines 1220--1220
 []|\T1/lmr/m/n/10 (-20) 0.8947|
 []


Overfull \hbox (1.95857pt too wide) in paragraph at lines 1220--1221
 []|\T1/lmr/m/n/10 (-20) 0.9842|
 []


Overfull \hbox (19.90286pt too wide) in paragraph at lines 1221--1221
[]|\T1/lmr/m/n/10 (-20) Technicien|  
 []


Overfull \hbox (2.27725pt too wide) in paragraph at lines 1221--1221
\T1/lmr/m/n/10 (-20) occasionnel|  
 []


Overfull \hbox (0.61089pt too wide) in paragraph at lines 1221--1221
 []|\T1/lmr/m/n/10 (-20) 44|
 []


Overfull \hbox (1.95857pt too wide) in paragraph at lines 1222--1222
 []|\T1/lmr/m/n/10 (-20) 0.8947|
 []


Overfull \hbox (1.95857pt too wide) in paragraph at lines 1222--1223
 []|\T1/lmr/m/n/10 (-20) 0.9842|
 []


Overfull \hbox (19.90286pt too wide) in paragraph at lines 1223--1223
[]|\T1/lmr/m/n/10 (-20) Technicien|  
 []


Overfull \hbox (2.27725pt too wide) in paragraph at lines 1223--1223
\T1/lmr/m/n/10 (-20) occasionnel|  
 []


Overfull \hbox (0.61089pt too wide) in paragraph at lines 1223--1223
 []|\T1/lmr/m/n/10 (-20) 45|
 []


Overfull \hbox (1.95857pt too wide) in paragraph at lines 1224--1224
 []|\T1/lmr/m/n/10 (-20) 0.8947|
 []


Overfull \hbox (1.95857pt too wide) in paragraph at lines 1224--1225
 []|\T1/lmr/m/n/10 (-20) 0.9842|
 []


Overfull \hbox (19.90286pt too wide) in paragraph at lines 1225--1225
[]|\T1/lmr/m/n/10 (-20) Technicien|  
 []


Overfull \hbox (2.27725pt too wide) in paragraph at lines 1225--1225
\T1/lmr/m/n/10 (-20) occasionnel|  
 []


Overfull \hbox (0.61089pt too wide) in paragraph at lines 1225--1225
 []|\T1/lmr/m/n/10 (-20) 46|
 []


Overfull \hbox (1.95857pt too wide) in paragraph at lines 1226--1226
 []|\T1/lmr/m/n/10 (-20) 0.9647|
 []


Overfull \hbox (1.95857pt too wide) in paragraph at lines 1226--1227
 []|\T1/lmr/m/n/10 (-20) 1.0611|
 []


Overfull \hbox (2.90945pt too wide) in paragraph at lines 1227--1227
 []|\T1/lmr/m/n/10 (-20) 10|
 []


Overfull \hbox (19.90286pt too wide) in paragraph at lines 1227--1227
[]|\T1/lmr/m/n/10 (-20) Technicien|  
 []


Overfull \hbox (2.27725pt too wide) in paragraph at lines 1227--1227
\T1/lmr/m/n/10 (-20) occasionnel|  
 []


Overfull \hbox (0.61089pt too wide) in paragraph at lines 1227--1227
 []|\T1/lmr/m/n/10 (-20) 47|
 []


Overfull \hbox (1.95857pt too wide) in paragraph at lines 1228--1228
 []|\T1/lmr/m/n/10 (-20) 0.9647|
 []


Overfull \hbox (1.95857pt too wide) in paragraph at lines 1228--1229
 []|\T1/lmr/m/n/10 (-20) 1.0611|
 []


Overfull \hbox (2.90945pt too wide) in paragraph at lines 1229--1229
 []|\T1/lmr/m/n/10 (-20) 11|
 []


Overfull \hbox (19.90286pt too wide) in paragraph at lines 1229--1229
[]|\T1/lmr/m/n/10 (-20) Technicien|  
 []


Overfull \hbox (2.27725pt too wide) in paragraph at lines 1229--1229
\T1/lmr/m/n/10 (-20) occasionnel|  
 []


Overfull \hbox (0.61089pt too wide) in paragraph at lines 1229--1229
 []|\T1/lmr/m/n/10 (-20) 48|
 []


Overfull \hbox (1.95857pt too wide) in paragraph at lines 1230--1230
 []|\T1/lmr/m/n/10 (-20) 0.9647|
 []


Overfull \hbox (1.95857pt too wide) in paragraph at lines 1230--1231
 []|\T1/lmr/m/n/10 (-20) 1.0611|
 []


Overfull \hbox (2.90945pt too wide) in paragraph at lines 1231--1231
 []|\T1/lmr/m/n/10 (-20) 12|
 []


Overfull \hbox (19.90286pt too wide) in paragraph at lines 1231--1231
[]|\T1/lmr/m/n/10 (-20) Technicien|  
 []


Overfull \hbox (2.27725pt too wide) in paragraph at lines 1231--1231
\T1/lmr/m/n/10 (-20) occasionnel|  
 []


Overfull \hbox (0.61089pt too wide) in paragraph at lines 1231--1231
 []|\T1/lmr/m/n/10 (-20) 48|
 []


Overfull \hbox (1.95857pt too wide) in paragraph at lines 1232--1232
 []|\T1/lmr/m/n/10 (-20) 1.4458|
 []


Overfull \hbox (1.95857pt too wide) in paragraph at lines 1232--1233
 []|\T1/lmr/m/n/10 (-20) 1.5903|
 []


Overfull \hbox (2.90945pt too wide) in paragraph at lines 1233--1233
 []|\T1/lmr/m/n/10 (-20) 13|
 []


Overfull \hbox (19.90286pt too wide) in paragraph at lines 1233--1233
[]|\T1/lmr/m/n/10 (-20) Technicien|  
 []


Overfull \hbox (2.27725pt too wide) in paragraph at lines 1233--1233
\T1/lmr/m/n/10 (-20) occasionnel|  
 []


Overfull \hbox (0.61089pt too wide) in paragraph at lines 1233--1233
 []|\T1/lmr/m/n/10 (-20) 50|
 []


Overfull \hbox (1.95857pt too wide) in paragraph at lines 1234--1234
 []|\T1/lmr/m/n/10 (-20) 1.4458|
 []


Overfull \hbox (1.95857pt too wide) in paragraph at lines 1234--1235
 []|\T1/lmr/m/n/10 (-20) 1.5903|
 []


Overfull \hbox (2.90945pt too wide) in paragraph at lines 1235--1235
 []|\T1/lmr/m/n/10 (-20) 14|
 []


Overfull \hbox (2.20001pt too wide) in paragraph at lines 1235--1235
[]|\T1/lmr/m/n/10 (-20) mensuel|  
 []


Overfull \hbox (19.90286pt too wide) in paragraph at lines 1235--1235
[]|\T1/lmr/m/n/10 (-20) Technicien|  
 []


Overfull \hbox (2.27725pt too wide) in paragraph at lines 1235--1235
\T1/lmr/m/n/10 (-20) occasionnel|  
 []


Overfull \hbox (0.61089pt too wide) in paragraph at lines 1235--1235
 []|\T1/lmr/m/n/10 (-20) 49|
 []


Overfull \hbox (1.95857pt too wide) in paragraph at lines 1236--1236
 []|\T1/lmr/m/n/10 (-20) 1.5098|
 []


Overfull \hbox (1.95857pt too wide) in paragraph at lines 1236--1237
 []|\T1/lmr/m/n/10 (-20) 1.6608|
 []


Overfull \hbox (2.90945pt too wide) in paragraph at lines 1237--1237
 []|\T1/lmr/m/n/10 (-20) 15|
 []


Overfull \hbox (2.20001pt too wide) in paragraph at lines 1237--1237
[]|\T1/lmr/m/n/10 (-20) mensuel|  
 []


Overfull \hbox (19.90286pt too wide) in paragraph at lines 1237--1237
[]|\T1/lmr/m/n/10 (-20) Technicien|  
 []


Overfull \hbox (2.27725pt too wide) in paragraph at lines 1237--1237
\T1/lmr/m/n/10 (-20) occasionnel|  
 []


Overfull \hbox (0.61089pt too wide) in paragraph at lines 1237--1237
 []|\T1/lmr/m/n/10 (-20) 50|
 []


Overfull \hbox (1.95857pt too wide) in paragraph at lines 1238--1238
 []|\T1/lmr/m/n/10 (-20) 1.4817|
 []


Overfull \hbox (1.95857pt too wide) in paragraph at lines 1238--1239
 []|\T1/lmr/m/n/10 (-20) 1.6298|
 []


Overfull \hbox (2.90945pt too wide) in paragraph at lines 1239--1239
 []|\T1/lmr/m/n/10 (-20) 16|
 []


Overfull \hbox (2.20001pt too wide) in paragraph at lines 1239--1239
[]|\T1/lmr/m/n/10 (-20) mensuel|  
 []


Overfull \hbox (19.90286pt too wide) in paragraph at lines 1239--1239
[]|\T1/lmr/m/n/10 (-20) Technicien|  
 []


Overfull \hbox (2.27725pt too wide) in paragraph at lines 1239--1239
\T1/lmr/m/n/10 (-20) occasionnel|  
 []


Overfull \hbox (0.61089pt too wide) in paragraph at lines 1239--1239
 []|\T1/lmr/m/n/10 (-20) 51|
 []


Overfull \hbox (1.95857pt too wide) in paragraph at lines 1240--1240
 []|\T1/lmr/m/n/10 (-20) 1.4817|
 []


Overfull \hbox (1.95857pt too wide) in paragraph at lines 1240--1241
 []|\T1/lmr/m/n/10 (-20) 1.6298|
 []


Overfull \hbox (2.90945pt too wide) in paragraph at lines 1241--1241
 []|\T1/lmr/m/n/10 (-20) 17|
 []


Overfull \hbox (2.20001pt too wide) in paragraph at lines 1241--1241
[]|\T1/lmr/m/n/10 (-20) mensuel|  
 []


Overfull \hbox (19.90286pt too wide) in paragraph at lines 1241--1241
[]|\T1/lmr/m/n/10 (-20) Technicien|  
 []


Overfull \hbox (2.27725pt too wide) in paragraph at lines 1241--1241
\T1/lmr/m/n/10 (-20) occasionnel|  
 []


Overfull \hbox (0.61089pt too wide) in paragraph at lines 1241--1241
 []|\T1/lmr/m/n/10 (-20) 51|
 []


Overfull \hbox (1.95857pt too wide) in paragraph at lines 1242--1242
 []|\T1/lmr/m/n/10 (-20) 1.4817|
 []


Overfull \hbox (1.95857pt too wide) in paragraph at lines 1242--1243
 []|\T1/lmr/m/n/10 (-20) 1.6298|
 []


Overfull \hbox (2.90945pt too wide) in paragraph at lines 1243--1243
 []|\T1/lmr/m/n/10 (-20) 18|
 []


Overfull \hbox (2.20001pt too wide) in paragraph at lines 1243--1243
[]|\T1/lmr/m/n/10 (-20) mensuel|  
 []


Overfull \hbox (19.90286pt too wide) in paragraph at lines 1243--1243
[]|\T1/lmr/m/n/10 (-20) Technicien|  
 []


Overfull \hbox (2.27725pt too wide) in paragraph at lines 1243--1243
\T1/lmr/m/n/10 (-20) occasionnel|  
 []


Overfull \hbox (0.61089pt too wide) in paragraph at lines 1243--1243
 []|\T1/lmr/m/n/10 (-20) 52|
 []


Overfull \hbox (1.95857pt too wide) in paragraph at lines 1244--1244
 []|\T1/lmr/m/n/10 (-20) 2.2210|
 []


Overfull \hbox (1.95857pt too wide) in paragraph at lines 1244--1245
 []|\T1/lmr/m/n/10 (-20) 2.4431|
 []


Overfull \hbox (2.90945pt too wide) in paragraph at lines 1245--1245
 []|\T1/lmr/m/n/10 (-20) 19|
 []


Overfull \hbox (2.20001pt too wide) in paragraph at lines 1245--1245
[]|\T1/lmr/m/n/10 (-20) mensuel|  
 []


Overfull \hbox (19.90286pt too wide) in paragraph at lines 1245--1245
[]|\T1/lmr/m/n/10 (-20) Technicien|  
 []


Overfull \hbox (2.27725pt too wide) in paragraph at lines 1245--1245
\T1/lmr/m/n/10 (-20) occasionnel|  
 []


Overfull \hbox (0.61089pt too wide) in paragraph at lines 1245--1245
 []|\T1/lmr/m/n/10 (-20) 52|
 []


Overfull \hbox (1.95857pt too wide) in paragraph at lines 1246--1246
 []|\T1/lmr/m/n/10 (-20) 2.2210|
 []


Overfull \hbox (1.95857pt too wide) in paragraph at lines 1246--1247
 []|\T1/lmr/m/n/10 (-20) 2.4431|
 []


Overfull \hbox (2.90945pt too wide) in paragraph at lines 1247--1247
 []|\T1/lmr/m/n/10 (-20) 20|
 []


Overfull \hbox (2.20001pt too wide) in paragraph at lines 1247--1247
[]|\T1/lmr/m/n/10 (-20) mensuel|  
 []


Overfull \hbox (19.90286pt too wide) in paragraph at lines 1247--1247
[]|\T1/lmr/m/n/10 (-20) Technicien|  
 []


Overfull \hbox (2.27725pt too wide) in paragraph at lines 1247--1247
\T1/lmr/m/n/10 (-20) occasionnel|  
 []


Overfull \hbox (0.61089pt too wide) in paragraph at lines 1247--1247
 []|\T1/lmr/m/n/10 (-20) 53|
 []


Overfull \hbox (1.95857pt too wide) in paragraph at lines 1248--1248
 []|\T1/lmr/m/n/10 (-20) 2.2210|
 []


Overfull \hbox (1.95857pt too wide) in paragraph at lines 1248--1249
 []|\T1/lmr/m/n/10 (-20) 2.4431|
 []

[16] [17] (prac3.aux)
 ***********
LaTeX2e <2023-06-01> patch level 1
L3 programming layer <2023-08-29>
 ***********
 ) 
Here is how much of TeX's memory you used:
 14417 strings out of 475247
 225549 string characters out of 5767604
 1971801 words of memory out of 5000000
 35595 multiletter control sequences out of 15000+600000
 608527 words of font info for 114 fonts, out of 8000000 for 9000
 1141 hyphenation exceptions out of 8191
 77i,7n,81p,1004b,737s stack positions out of 10000i,1000n,20000p,200000b,200000s
<C:/Program Files/MiKTeX/fonts/type1/public/lm/lmbx10.pfb><C:/Program Files/M
iKTeX/fonts/type1/public/lm/lmbx12.pfb><C:/Program Files/MiKTeX/fonts/type1/pub
lic/lm/lmmi10.pfb><C:/Program Files/MiKTeX/fonts/type1/public/lm/lmmi7.pfb><C:/
Program Files/MiKTeX/fonts/type1/public/lm/lmr10.pfb><C:/Program Files/MiKTeX/f
onts/type1/public/lm/lmr12.pfb><C:/Program Files/MiKTeX/fonts/type1/public/lm/l
mr17.pfb><C:/Program Files/MiKTeX/fonts/type1/public/lm/lmsy10.pfb><C:/Program 
Files/MiKTeX/fonts/type1/public/lm/lmsy7.pfb><C:/Program Files/MiKTeX/fonts/typ
e1/public/lm/lmtk10.pfb><C:/Program Files/MiKTeX/fonts/type1/public/lm/lmtt10.p
fb><C:/Program Files/MiKTeX/fonts/type1/public/lm/lmtti10.pfb>
Output written on prac3.pdf (17 pages, 304926 bytes).
PDF statistics:
 207 PDF objects out of 1000 (max. 8388607)
 37 named destinations out of 1000 (max. 500000)
 28723 words of extra memory for PDF output out of 29859 (max. 10000000)

